R version 4.1.2 (2021-11-01)
Platform: x86_64-pc-linux-gnu (64-bit)
Running under: Debian GNU/Linux 11 (bullseye)

Matrix products: default
BLAS:   /nfs/scistore07/clustersw/debian/bullseye/R/4.1.2b/lib/R/lib/libRblas.so
LAPACK: /nfs/scistore07/clustersw/debian/bullseye/R/4.1.2b/lib/R/lib/libRlapack.so

locale:
 [1] LC_CTYPE=en_US.UTF-8       LC_NUMERIC=C              
 [3] LC_TIME=en_IE.UTF-8        LC_COLLATE=en_US.UTF-8    
 [5] LC_MONETARY=en_IE.UTF-8    LC_MESSAGES=en_US.UTF-8   
 [7] LC_PAPER=en_IE.UTF-8       LC_NAME=C                 
 [9] LC_ADDRESS=C               LC_TELEPHONE=C            
[11] LC_MEASUREMENT=en_IE.UTF-8 LC_IDENTIFICATION=C       

attached base packages:
[1] stats     graphics  grDevices utils     datasets  methods   base     

other attached packages:
[1] SeuratObject_4.0.4 Seurat_4.1.0       loomR_0.2.1.9000   hdf5r_1.3.7       
[5] R6_2.5.1          

loaded via a namespace (and not attached):
  [1] nlme_3.1-155          spatstat.sparse_2.1-0 matrixStats_0.61.0   
  [4] bit64_4.0.5           RcppAnnoy_0.0.19      RColorBrewer_1.1-2   
  [7] httr_1.4.2            sctransform_0.3.3     tools_4.1.2          
 [10] utf8_1.2.2            irlba_2.3.5           rpart_4.1.16         
 [13] KernSmooth_2.23-20    uwot_0.1.11           mgcv_1.8-39          
 [16] DBI_1.1.2             lazyeval_0.2.2        colorspace_2.0-3     
 [19] tidyselect_1.1.2      gridExtra_2.3         bit_4.0.4            
 [22] compiler_4.1.2        cli_3.1.1             plotly_4.10.0        
 [25] scales_1.1.1          spatstat.data_2.1-2   lmtest_0.9-39        
 [28] ggridges_0.5.3        pbapply_1.5-0         goftest_1.2-3        
 [31] stringr_1.4.1         digest_0.6.29         spatstat.utils_2.3-0 
 [34] pkgconfig_2.0.3       htmltools_0.5.2       parallelly_1.30.0    
 [37] fastmap_1.1.0         htmlwidgets_1.5.4     rlang_1.0.2          
 [40] shiny_1.7.1           generics_0.1.2        zoo_1.8-9            
 [43] jsonlite_1.8.0        spatstat.random_2.1-0 ica_1.0-2            
 [46] dplyr_1.0.8           magrittr_2.0.3        patchwork_1.1.1      
 [49] Matrix_1.4-0          Rcpp_1.0.8.3          munsell_0.5.0        
 [52] fansi_1.0.2           abind_1.4-5           reticulate_1.24      
 [55] lifecycle_1.0.1       stringi_1.7.8         MASS_7.3-55          
 [58] Rtsne_0.15            plyr_1.8.6            grid_4.1.2           
 [61] parallel_4.1.2        listenv_0.8.0         promises_1.2.0.1     
 [64] ggrepel_0.9.1         crayon_1.5.0          deldir_1.0-6         
 [67] miniUI_0.1.1.1        lattice_0.20-45       cowplot_1.1.1        
 [70] splines_4.1.2         tensor_1.5            pillar_1.7.0         
 [73] igraph_1.2.11         spatstat.geom_2.3-2   future.apply_1.8.1   
 [76] reshape2_1.4.4        codetools_0.2-18      leiden_0.3.9         
 [79] glue_1.6.2            data.table_1.14.2     png_0.1-7            
 [82] vctrs_0.3.8           httpuv_1.6.5          polyclip_1.10-0      
 [85] gtable_0.3.0          RANN_2.6.1            purrr_0.3.4          
 [88] spatstat.core_2.4-0   tidyr_1.2.0           scattermore_0.8      
 [91] future_1.24.0         assertthat_0.2.1      ggplot2_3.3.5        
 [94] mime_0.12             xtable_1.8-4          later_1.3.0          
 [97] survival_3.3-1        viridisLite_0.4.0     tibble_3.1.6         
[100] cluster_2.1.2         globals_0.14.0        fitdistrplus_1.1-6   
[103] ellipsis_0.3.2        ROCR_1.0-11          
